<?xml version="1.0" encoding="UTF-8"?>
<!-- Generated by org.testng.reporters.JUnitReportReporter -->
<testsuite hostname="CSNB0595" name="com.WordPress.Testcases.VerifyValidLogin" tests="1" failures="0" timestamp="15 Jan 2021 13:38:06 GMT" time="53.447" errors="0">
  <testcase name="checkValidUser" time="53.447" classname="com.WordPress.Testcases.VerifyValidLogin"/>
</testsuite> <!-- com.WordPress.Testcases.VerifyValidLogin -->
